2024-01-27 00:43:18 Loading main app package /opt/Obsidian/resources/obsidian.asar
2024-01-27 00:45:40 Loading main app package /opt/Obsidian/resources/obsidian.asar
2024-01-27 00:53:02 Loading main app package /opt/Obsidian/resources/obsidian.asar
2024-01-27 00:53:09 Loading main app package /opt/Obsidian/resources/obsidian.asar
2024-01-27 00:55:54 Loading main app package /opt/Obsidian/resources/obsidian.asar
2024-01-27 00:55:54 Checking for update using Github
2024-01-27 00:55:54 Success.
2024-01-27 00:55:54 Latest version is 1.5.3
2024-01-27 00:55:54 App is up to date.
2024-01-27 01:01:29 Loading main app package /opt/Obsidian/resources/obsidian.asar
2024-01-27 01:01:29 Checking for update using Github
2024-01-27 01:01:29 Success.
2024-01-27 01:01:29 Latest version is 1.5.3
2024-01-27 01:01:29 App is up to date.
2024-01-27 02:01:29 Checking for update using Github
2024-01-27 02:01:29 Failed to check for update using Github (net::ERR_INTERNET_DISCONNECTED)
2024-01-27 02:01:29 Checking for update using obsidian.md
2024-01-27 02:01:29 Failed to check for update using obsidian.md (net::ERR_INTERNET_DISCONNECTED)
2024-01-27 03:01:29 Checking for update using Github
2024-01-27 03:01:29 Success.
2024-01-27 03:01:29 Latest version is 1.5.3
2024-01-27 03:01:29 App is up to date.
2024-01-27 03:27:53 Loading main app package /opt/Obsidian/resources/obsidian.asar
2024-01-27 03:27:54 Checking for update using Github
2024-01-27 03:27:54 Success.
2024-01-27 03:27:54 Latest version is 1.5.3
2024-01-27 03:27:54 App is up to date.
2024-01-27 03:37:27 Loading main app package /opt/Obsidian/resources/obsidian.asar
2024-01-27 03:37:27 Checking for update using Github
2024-01-27 03:37:27 Success.
2024-01-27 03:37:27 Latest version is 1.5.3
2024-01-27 03:37:27 App is up to date.
2024-01-27 03:37:49 Loading main app package /opt/Obsidian/resources/obsidian.asar
2024-01-27 03:37:49 Checking for update using Github
2024-01-27 03:37:49 Success.
2024-01-27 03:37:49 Latest version is 1.5.3
2024-01-27 03:37:49 App is up to date.
2024-01-27 03:39:25 Loading main app package /opt/Obsidian/resources/obsidian.asar
2024-01-27 03:39:26 Checking for update using Github
2024-01-27 03:39:26 Success.
2024-01-27 03:39:26 Latest version is 1.5.3
2024-01-27 03:39:26 App is up to date.
2024-01-27 03:44:51 Loading main app package /opt/Obsidian/resources/obsidian.asar
2024-01-27 03:44:52 Checking for update using Github
2024-01-27 03:44:52 Success.
2024-01-27 03:44:52 Latest version is 1.5.3
2024-01-27 03:44:52 App is up to date.
2024-01-27 03:51:14 Loading main app package /opt/Obsidian/resources/obsidian.asar
2024-01-27 03:51:14 Checking for update using Github
2024-01-27 03:51:15 Success.
2024-01-27 03:51:15 Latest version is 1.5.3
2024-01-27 03:51:15 App is up to date.
2024-01-27 04:00:44 Loading main app package /opt/Obsidian/resources/obsidian.asar
2024-01-27 04:00:45 Checking for update using Github
2024-01-27 04:01:05 Loading main app package /opt/Obsidian/resources/obsidian.asar
2024-01-27 04:01:05 Checking for update using Github
2024-01-27 04:01:05 Success.
2024-01-27 04:01:05 Latest version is 1.5.3
2024-01-27 04:01:05 App is up to date.
2024-01-27 04:03:31 Loading main app package /opt/Obsidian/resources/obsidian.asar
2024-01-27 04:04:04 Loading main app package /opt/Obsidian/resources/obsidian.asar
2024-01-27 04:04:11 Loading main app package /opt/Obsidian/resources/obsidian.asar
2024-01-27 04:09:59 Loading main app package /opt/Obsidian/resources/obsidian.asar
2024-01-27 04:09:59 Checking for update using Github
2024-01-27 04:10:00 Success.
2024-01-27 04:10:00 Latest version is 1.5.3
2024-01-27 04:10:00 App is up to date.
2024-01-27 04:18:38 Loading main app package /opt/Obsidian/resources/obsidian.asar
2024-01-27 04:18:39 Checking for update using Github
2024-01-27 04:18:39 Success.
2024-01-27 04:18:39 Latest version is 1.5.3
2024-01-27 04:18:39 App is up to date.
2024-01-27 04:22:58 Loading main app package /opt/Obsidian/resources/obsidian.asar
2024-01-27 05:09:36 Loading main app package /opt/Obsidian/resources/obsidian.asar
2024-01-27 05:09:44 Loading main app package /opt/Obsidian/resources/obsidian.asar
2024-01-27 05:16:08 Loading main app package /opt/Obsidian/resources/obsidian.asar
2024-01-27 05:36:43 Loading main app package /opt/Obsidian/resources/obsidian.asar
2024-01-27 05:36:51 Loading main app package /opt/Obsidian/resources/obsidian.asar
2024-01-27 08:20:59 Loading main app package /opt/Obsidian/resources/obsidian.asar
2024-01-29 02:48:41 Loading main app package /opt/Obsidian/resources/obsidian.asar
2024-01-29 02:48:48 Loading main app package /opt/Obsidian/resources/obsidian.asar
2024-01-29 06:03:02 Loading main app package /opt/Obsidian/resources/obsidian.asar
2024-01-29 06:03:16 Loading main app package /opt/Obsidian/resources/obsidian.asar
2024-01-29 15:45:17 Loading main app package /opt/Obsidian/resources/obsidian.asar
2024-02-01 08:43:06 Loading main app package /opt/Obsidian/resources/obsidian.asar
2024-02-01 08:43:22 Loading main app package /opt/Obsidian/resources/obsidian.asar
2024-02-01 08:44:35 Loading main app package /opt/Obsidian/resources/obsidian.asar
2024-02-01 08:44:45 Loading main app package /opt/Obsidian/resources/obsidian.asar
2024-02-01 08:45:46 Loading main app package /opt/Obsidian/resources/obsidian.asar
2024-02-01 08:48:37 Loading main app package /opt/Obsidian/resources/obsidian.asar
2024-02-01 08:49:12 Loading main app package /opt/Obsidian/resources/obsidian.asar
2024-02-01 08:54:38 Loading main app package /opt/Obsidian/resources/obsidian.asar
2024-02-01 09:01:24 Loading main app package /opt/Obsidian/resources/obsidian.asar
2024-02-01 09:20:05 Loading main app package /opt/Obsidian/resources/obsidian.asar
2024-02-01 10:13:55 Loading main app package /opt/Obsidian/resources/obsidian.asar
2024-02-01 10:14:30 Loading main app package /opt/Obsidian/resources/obsidian.asar
